<?xml version="1.0" encoding="UTF-8"?>
<!-- Generated by org.testng.reporters.JUnitReportReporter -->
<testsuite skipped="0" hostname="ATMECSINLT-135" name="com.atmecs.falconrepoertdashboard.testscripts.recentruns.TestRecentRunJob" tests="1" failures="0" timestamp="2019-08-02T18:08:01 IST" time="6.211" errors="0">
  <testcase name="testRecentRunsPage" time="6.211" classname="com.atmecs.falconrepoertdashboard.testscripts.recentruns.TestRecentRunJob"/>
</testsuite> <!-- com.atmecs.falconrepoertdashboard.testscripts.recentruns.TestRecentRunJob -->
