<?xml version="1.0" encoding="UTF-8"?>
<!-- Generated by org.testng.reporters.JUnitReportReporter -->
<testsuite skipped="0" hostname="ATMECSINLT-135" name="com.atmecs.falconrepoertdashboard.testscripts.recentruns.TestExportTestResult" tests="1" failures="0" timestamp="2019-08-02T18:34:45 IST" time="11.579" errors="0">
  <testcase name="testRecentRunsPage" time="11.579" classname="com.atmecs.falconrepoertdashboard.testscripts.recentruns.TestExportTestResult"/>
</testsuite> <!-- com.atmecs.falconrepoertdashboard.testscripts.recentruns.TestExportTestResult -->
