<?xml version="1.0" encoding="UTF-8"?>
<!-- Generated by org.testng.reporters.JUnitReportReporter -->
<testsuite skipped="0" hostname="ATMECSINLT-135" name="com.falcon.falconwebtest.testscripts.recentruns.Sample" tests="2" failures="0" timestamp="2019-07-31T14:14:56 IST" time="61.195" errors="0">
  <testcase name="test" time="61.195" classname="com.falcon.falconwebtest.testscripts.recentruns.Sample"/>
  <testcase name="test2" time="0.000" classname="com.falcon.falconwebtest.testscripts.recentruns.Sample"/>
</testsuite> <!-- com.falcon.falconwebtest.testscripts.recentruns.Sample -->
