<?xml version="1.0" encoding="UTF-8"?>
<!-- Generated by org.testng.reporters.JUnitReportReporter -->
<testsuite skipped="0" hostname="ATMECSINLT-135" name="com.falcon.falconwebtest.testscripts.recentruns.RecentRuns" tests="1" failures="0" timestamp="2019-07-31T20:09:20 IST" time="13.959" errors="0">
  <testcase name="testRecentRunsPage" time="13.959" classname="com.falcon.falconwebtest.testscripts.recentruns.RecentRuns"/>
</testsuite> <!-- com.falcon.falconwebtest.testscripts.recentruns.RecentRuns -->
