<?xml version="1.0" encoding="UTF-8"?>
<!-- Generated by org.testng.reporters.JUnitReportReporter -->
<testsuite skipped="0" hostname="ATMECSINLT-135" name="com.atmecs.falconrepoertdashboard.testscripts.recentruns.TestRecentRunsFilters" tests="1" failures="0" timestamp="2019-08-02T18:08:01 IST" time="28.927" errors="0">
  <testcase name="testRecentRunsPage" time="28.927" classname="com.atmecs.falconrepoertdashboard.testscripts.recentruns.TestRecentRunsFilters"/>
</testsuite> <!-- com.atmecs.falconrepoertdashboard.testscripts.recentruns.TestRecentRunsFilters -->
