<?xml version="1.0" encoding="UTF-8"?>
<!-- Generated by org.testng.reporters.JUnitReportReporter -->
<testsuite skipped="0" hostname="ATMECSINLT-135" name="com.falcon.falconwebtest.testscripts.recentruns.TestExportTestResult" tests="1" failures="0" timestamp="2019-08-01T19:57:31 IST" time="19.852" errors="0">
  <testcase name="testRecentRunsPage" time="19.852" classname="com.falcon.falconwebtest.testscripts.recentruns.TestExportTestResult"/>
</testsuite> <!-- com.falcon.falconwebtest.testscripts.recentruns.TestExportTestResult -->
