<?xml version="1.0" encoding="UTF-8"?>
<!-- Generated by org.testng.reporters.JUnitReportReporter -->
<testsuite skipped="0" hostname="ATMECSINLT-135" name="com.atmecs.falconrepoertdashboard.testscripts.recentruns.TestRecentRunsFilters" tests="1" failures="0" timestamp="09 Aug 2019 07:14:19 GMT" time="24.691" errors="0">
  <testcase name="testRecentRunsFilters" time="24.691" classname="com.atmecs.falconrepoertdashboard.testscripts.recentruns.TestRecentRunsFilters"/>
</testsuite> <!-- com.atmecs.falconrepoertdashboard.testscripts.recentruns.TestRecentRunsFilters -->
