<?xml version="1.0" encoding="UTF-8"?>
<!-- Generated by org.testng.reporters.JUnitReportReporter -->
<testsuite skipped="0" hostname="ATMECSINLT-135" name="com.atmecs.falconrepoertdashboard.testscripts.recentruns.TestExportTestResult" tests="1" failures="0" timestamp="07 Aug 2019 14:35:08 GMT" time="11.361" errors="0">
  <testcase name="testExportTestResult" time="11.361" classname="com.atmecs.falconrepoertdashboard.testscripts.recentruns.TestExportTestResult"/>
</testsuite> <!-- com.atmecs.falconrepoertdashboard.testscripts.recentruns.TestExportTestResult -->
