<?xml version="1.0" encoding="UTF-8"?>
<!-- Generated by org.testng.reporters.JUnitReportReporter -->
<testsuite skipped="0" hostname="ATMECSINLT-135" name="com.atmecs.falconrepoertdashboard.main.MyTest" tests="1" failures="0" timestamp="2019-08-01T22:14:34 IST" time="0.021" errors="0">
  <testcase name="a" time="0.021" classname="com.atmecs.falconrepoertdashboard.main.MyTest"/>
</testsuite> <!-- com.atmecs.falconrepoertdashboard.main.MyTest -->
